srv\src\main\resources\edmx\AdminService.xml
srv\src\main\resources\edmx\AdminService_ar.xml
srv\src\main\resources\edmx\AdminService_cs.xml
srv\src\main\resources\edmx\AdminService_da.xml
srv\src\main\resources\edmx\AdminService_de.xml
srv\src\main\resources\edmx\AdminService_en.xml
srv\src\main\resources\edmx\AdminService_es.xml
srv\src\main\resources\edmx\AdminService_fi.xml
srv\src\main\resources\edmx\AdminService_fr.xml
srv\src\main\resources\edmx\AdminService_hu.xml
srv\src\main\resources\edmx\AdminService_it.xml
srv\src\main\resources\edmx\AdminService_ja.xml
srv\src\main\resources\edmx\AdminService_ko.xml
srv\src\main\resources\edmx\AdminService_ms.xml
srv\src\main\resources\edmx\AdminService_nl.xml
srv\src\main\resources\edmx\AdminService_no.xml
srv\src\main\resources\edmx\AdminService_pl.xml
srv\src\main\resources\edmx\AdminService_pt.xml
srv\src\main\resources\edmx\AdminService_ro.xml
srv\src\main\resources\edmx\AdminService_ru.xml
srv\src\main\resources\edmx\AdminService_sv.xml
srv\src\main\resources\edmx\AdminService_th.xml
srv\src\main\resources\edmx\AdminService_tr.xml
srv\src\main\resources\edmx\AdminService_zh_CN.xml
srv\src\main\resources\edmx\AdminService_zh_TW.xml
srv\src\main\resources\edmx\BooksService.xml
srv\src\main\resources\edmx\BooksService_ar.xml
srv\src\main\resources\edmx\BooksService_cs.xml
srv\src\main\resources\edmx\BooksService_da.xml
srv\src\main\resources\edmx\BooksService_de.xml
srv\src\main\resources\edmx\BooksService_en.xml
srv\src\main\resources\edmx\BooksService_es.xml
srv\src\main\resources\edmx\BooksService_fi.xml
srv\src\main\resources\edmx\BooksService_fr.xml
srv\src\main\resources\edmx\BooksService_hu.xml
srv\src\main\resources\edmx\BooksService_it.xml
srv\src\main\resources\edmx\BooksService_ja.xml
srv\src\main\resources\edmx\BooksService_ko.xml
srv\src\main\resources\edmx\BooksService_ms.xml
srv\src\main\resources\edmx\BooksService_nl.xml
srv\src\main\resources\edmx\BooksService_no.xml
srv\src\main\resources\edmx\BooksService_pl.xml
srv\src\main\resources\edmx\BooksService_pt.xml
srv\src\main\resources\edmx\BooksService_ro.xml
srv\src\main\resources\edmx\BooksService_ru.xml
srv\src\main\resources\edmx\BooksService_sv.xml
srv\src\main\resources\edmx\BooksService_th.xml
srv\src\main\resources\edmx\BooksService_tr.xml
srv\src\main\resources\edmx\BooksService_zh_CN.xml
srv\src\main\resources\edmx\BooksService_zh_TW.xml
srv\src\main\resources\edmx\OrdersService.xml
srv\src\main\resources\edmx\OrdersService_ar.xml
srv\src\main\resources\edmx\OrdersService_cs.xml
srv\src\main\resources\edmx\OrdersService_da.xml
srv\src\main\resources\edmx\OrdersService_de.xml
srv\src\main\resources\edmx\OrdersService_en.xml
srv\src\main\resources\edmx\OrdersService_es.xml
srv\src\main\resources\edmx\OrdersService_fi.xml
srv\src\main\resources\edmx\OrdersService_fr.xml
srv\src\main\resources\edmx\OrdersService_hu.xml
srv\src\main\resources\edmx\OrdersService_it.xml
srv\src\main\resources\edmx\OrdersService_ja.xml
srv\src\main\resources\edmx\OrdersService_ko.xml
srv\src\main\resources\edmx\OrdersService_ms.xml
srv\src\main\resources\edmx\OrdersService_nl.xml
srv\src\main\resources\edmx\OrdersService_no.xml
srv\src\main\resources\edmx\OrdersService_pl.xml
srv\src\main\resources\edmx\OrdersService_pt.xml
srv\src\main\resources\edmx\OrdersService_ro.xml
srv\src\main\resources\edmx\OrdersService_ru.xml
srv\src\main\resources\edmx\OrdersService_sv.xml
srv\src\main\resources\edmx\OrdersService_th.xml
srv\src\main\resources\edmx\OrdersService_tr.xml
srv\src\main\resources\edmx\OrdersService_zh_CN.xml
srv\src\main\resources\edmx\OrdersService_zh_TW.xml
srv\src\main\resources\edmx\csn.json